build/app/intermediates/manifest_merge_blame_file/debug/manifest-merger-blame-debug-report.txt
1<?xml version="1.0" encoding="utf-8"?>
2<manifest xmlns:android="http://schemas.android.com/apk/res/android"
3    package="io.github.edufolly.flutterbluetoothserialexample"
4    android:versionCode="1"
5    android:versionName="1.0" >
6
7    <uses-sdk
8        android:minSdkVersion="21"
8-->src\main\AndroidManifest.xml
9        android:targetSdkVersion="30" />
9-->src\main\AndroidManifest.xml
10
11    <!--
12         The INTERNET permission is required for development. Specifically,
13         flutter needs it to communicate with the running application
14         to allow setting breakpoints, to provide hot reload, etc.
15    -->
16    <uses-permission android:name="android.permission.INTERNET" />
16-->src\main\AndroidManifest.xml:8:5-66
16-->src\main\AndroidManifest.xml:8:22-64
17
18    <queries>
18-->src\main\AndroidManifest.xml:9:5-13:15
19        <intent>
19-->src\main\AndroidManifest.xml:10:5-12:14
20            <action android:name="android.intent.action.TTS_SERVICE" />
20-->src\main\AndroidManifest.xml:11:7-66
20-->src\main\AndroidManifest.xml:11:15-63
21        </intent>
22    </queries>
23
24    <uses-permission android:name="android.permission.BLUETOOTH" />
24-->[:flutter_bluetooth_serial] AndroidManifest.xml:7:5-68
24-->[:flutter_bluetooth_serial] AndroidManifest.xml:7:22-65
25    <uses-permission android:name="android.permission.BLUETOOTH_ADMIN" />
25-->[:flutter_bluetooth_serial] AndroidManifest.xml:8:5-74
25-->[:flutter_bluetooth_serial] AndroidManifest.xml:8:22-71
26    <uses-permission android:name="android.permission.ACCESS_COARSE_LOCATION" />
26-->[:flutter_bluetooth_serial] AndroidManifest.xml:9:5-81
26-->[:flutter_bluetooth_serial] AndroidManifest.xml:9:22-78
27    <uses-permission android:name="android.permission.ACCESS_FINE_LOCATION" />
27-->[:flutter_bluetooth_serial] AndroidManifest.xml:10:5-79
27-->[:flutter_bluetooth_serial] AndroidManifest.xml:10:22-76
28    <!--
29 io.flutter.app.FlutterApplication is an android.app.Application that
30         calls FlutterMain.startInitialization(this); in its onCreate method.
31         In most cases you can leave this as-is, but you if you want to provide
32         additional functionality it is fine to subclass or reimplement
33         FlutterApplication and put your custom class here.
34    -->
35    <application
35-->src\main\AndroidManifest.xml:20:5-36:19
36        android:appComponentFactory="androidx.core.app.CoreComponentFactory"
36-->[androidx.core:core:1.6.0] AndroidManifest.xml:24:18-86
37        android:debuggable="true"
38        android:icon="@mipmap/ic_launcher"
38-->src\main\AndroidManifest.xml:22:9-43
39        android:label="flutter_bluetooth_serial_example" >
39-->src\main\AndroidManifest.xml:21:9-57
40        <activity
40-->src\main\AndroidManifest.xml:23:9-34:20
41            android:name="io.flutter.embedding.android.FlutterActivity"
41-->src\main\AndroidManifest.xml:24:13-72
42            android:configChanges="orientation|keyboardHidden|keyboard|screenSize|locale|layoutDirection|fontScale|screenLayout|density"
42-->src\main\AndroidManifest.xml:27:13-137
43            android:hardwareAccelerated="true"
43-->src\main\AndroidManifest.xml:28:13-47
44            android:launchMode="singleTop"
44-->src\main\AndroidManifest.xml:25:13-43
45            android:theme="@style/LaunchTheme"
45-->src\main\AndroidManifest.xml:26:13-47
46            android:windowSoftInputMode="adjustResize" >
46-->src\main\AndroidManifest.xml:29:13-55
47            <intent-filter>
47-->src\main\AndroidManifest.xml:30:13-33:29
48                <action android:name="android.intent.action.MAIN" />
48-->src\main\AndroidManifest.xml:31:17-68
48-->src\main\AndroidManifest.xml:31:25-66
49
50                <category android:name="android.intent.category.LAUNCHER" />
50-->src\main\AndroidManifest.xml:32:17-76
50-->src\main\AndroidManifest.xml:32:27-74
51            </intent-filter>
52        </activity>
53
54        <meta-data
54-->src\main\AndroidManifest.xml:35:9-72
55            android:name="flutterEmbedding"
55-->src\main\AndroidManifest.xml:35:20-51
56            android:value="2" />
56-->src\main\AndroidManifest.xml:35:52-69
57
58        <uses-library
58-->[androidx.window:window:1.0.0-beta04] AndroidManifest.xml:25:9-27:40
59            android:name="androidx.window.extensions"
59-->[androidx.window:window:1.0.0-beta04] AndroidManifest.xml:26:13-54
60            android:required="false" />
60-->[androidx.window:window:1.0.0-beta04] AndroidManifest.xml:27:13-37
61        <uses-library
61-->[androidx.window:window:1.0.0-beta04] AndroidManifest.xml:28:9-30:40
62            android:name="androidx.window.sidecar"
62-->[androidx.window:window:1.0.0-beta04] AndroidManifest.xml:29:13-51
63            android:required="false" />
63-->[androidx.window:window:1.0.0-beta04] AndroidManifest.xml:30:13-37
64    </application>
65
66</manifest>